<?xml version="1.0" encoding="UTF-8"?>
<testng-results ignored="0" total="2" passed="2" failed="0" skipped="0">
  <reporter-output>
  </reporter-output>
  <suite started-at="2024-04-16T16:03:59 IST" name="Default suite" finished-at="2024-04-16T16:04:05 IST" duration-ms="6113">
    <groups>
    </groups>
    <test started-at="2024-04-16T16:03:59 IST" name="Default test" finished-at="2024-04-16T16:04:05 IST" duration-ms="6113">
      <class name="api.test.UserTest">
        <test-method is-config="true" signature="setUpData()[pri:0, instance:api.test.UserTest@4659191b]" started-at="2024-04-16T16:03:59 IST" name="setUpData" finished-at="2024-04-16T16:03:59 IST" duration-ms="342" status="PASS">
          <reporter-output>
          </reporter-output>
        </test-method> <!-- setUpData -->
        <test-method signature="testPost()[pri:1, instance:api.test.UserTest@4659191b]" started-at="2024-04-16T16:03:59 IST" name="testPost" finished-at="2024-04-16T16:04:03 IST" duration-ms="4177" status="PASS">
          <reporter-output>
          </reporter-output>
        </test-method> <!-- testPost -->
        <test-method signature="testDeleteUser()[pri:4, instance:api.test.UserTest@4659191b]" started-at="2024-04-16T16:04:03 IST" name="testDeleteUser" finished-at="2024-04-16T16:04:05 IST" duration-ms="1513" status="PASS">
          <reporter-output>
          </reporter-output>
        </test-method> <!-- testDeleteUser -->
      </class> <!-- api.test.UserTest -->
    </test> <!-- Default test -->
  </suite> <!-- Default suite -->
</testng-results>
