<?xml version="1.0" encoding="UTF-8"?>
<testng-results ignored="0" total="4" passed="4" failed="0" skipped="0">
  <reporter-output>
  </reporter-output>
  <suite started-at="2024-04-24T17:40:48 IST" name="Default suite" finished-at="2024-04-24T17:40:56 IST" duration-ms="7805">
    <groups>
    </groups>
    <test started-at="2024-04-24T17:40:48 IST" name="Default test" finished-at="2024-04-24T17:40:56 IST" duration-ms="7805">
      <class name="api.test.UserTest">
        <test-method is-config="true" signature="setUpData()[pri:0, instance:api.test.UserTest@550dbc7a]" started-at="2024-04-24T17:40:48 IST" name="setUpData" finished-at="2024-04-24T17:40:49 IST" duration-ms="73" status="PASS">
          <reporter-output>
          </reporter-output>
        </test-method> <!-- setUpData -->
        <test-method signature="testPost()[pri:1, instance:api.test.UserTest@550dbc7a]" started-at="2024-04-24T17:40:49 IST" name="testPost" finished-at="2024-04-24T17:40:51 IST" duration-ms="2283" status="PASS">
          <reporter-output>
          </reporter-output>
        </test-method> <!-- testPost -->
        <test-method signature="testGetuserByName()[pri:2, instance:api.test.UserTest@550dbc7a]" started-at="2024-04-24T17:40:51 IST" name="testGetuserByName" finished-at="2024-04-24T17:40:52 IST" duration-ms="1473" status="PASS">
          <reporter-output>
          </reporter-output>
        </test-method> <!-- testGetuserByName -->
        <test-method signature="testUpdateUser()[pri:3, instance:api.test.UserTest@550dbc7a]" started-at="2024-04-24T17:40:52 IST" name="testUpdateUser" finished-at="2024-04-24T17:40:55 IST" duration-ms="2517" status="PASS">
          <reporter-output>
          </reporter-output>
        </test-method> <!-- testUpdateUser -->
        <test-method signature="testDeleteUser()[pri:4, instance:api.test.UserTest@550dbc7a]" started-at="2024-04-24T17:40:55 IST" name="testDeleteUser" finished-at="2024-04-24T17:40:56 IST" duration-ms="1441" status="PASS">
          <reporter-output>
          </reporter-output>
        </test-method> <!-- testDeleteUser -->
      </class> <!-- api.test.UserTest -->
    </test> <!-- Default test -->
  </suite> <!-- Default suite -->
</testng-results>
