<?xml version="1.0" encoding="UTF-8"?>
<!-- Generated by org.testng.reporters.JUnitXMLReporter -->
<testsuite hostname="HYD-LAP-00350" ignored="0" name="Default test" tests="4" failures="0" timestamp="2024-03-20T16:56:30 IST" time="11.364" errors="0">
  <testcase name="testPost" time="5.435" classname="api.test.UserTest"/>
  <testcase name="testGetuserByName" time="1.469" classname="api.test.UserTest"/>
  <testcase name="testUpdateUser" time="2.651" classname="api.test.UserTest"/>
  <testcase name="testDeleteUser" time="1.426" classname="api.test.UserTest"/>
</testsuite> <!-- Default test -->
