<?xml version="1.0" encoding="UTF-8"?>
<!-- Generated by org.testng.reporters.JUnitXMLReporter -->
<testsuite ignored="0" hostname="HYD-LM-24-1224" failures="0" tests="4" name="Default test" time="7.805" errors="0" timestamp="2024-04-24T17:40:56 IST">
  <testcase classname="api.test.UserTest" name="testPost" time="2.283"/>
  <testcase classname="api.test.UserTest" name="testGetuserByName" time="1.473"/>
  <testcase classname="api.test.UserTest" name="testUpdateUser" time="2.517"/>
  <testcase classname="api.test.UserTest" name="testDeleteUser" time="1.441"/>
</testsuite> <!-- Default test -->
